###############################################################
#  Generated by:      Cadence Innovus 21.13-s100_1
#  OS:                Linux x86_64(Host ID ic51)
#  Generated on:      Sun Oct  8 17:42:29 2023
#  Design:            top
#  Command:           summaryReport -noHtml -outfile summary.rpt
###############################################################


==============================
General Design Information
==============================
Design Status: Routed  
Design Name: top  
# Instances: 17992  
# Hard Macros: 0  
# Std Cells: 17992  
    ------------------------------
    Standard Cells in Netlist
    ------------------------------
               Cell Type   Instance Count  Area (um^2)  
                 AND2_X1               18          19.1520  
                 AND2_X2                1           1.3300  
                 AND3_X1                9          11.9700  
                 AND4_X1               14          22.3440  
               AOI211_X1               65          86.4500  
               AOI211_X2               12          28.7280  
               AOI211_X4                1           2.9260  
                AOI21_X1              122         129.8080  
                AOI21_X2               41          76.3420  
                AOI21_X4               51         176.3580  
               AOI221_X1                5           7.9800  
               AOI221_X2                2           5.8520  
               AOI221_X4                1           3.4580  
                AOI22_X1              908        1207.6400  
                AOI22_X2              129         308.8260  
                AOI22_X4               18          81.3960  
                  BUF_X1               92          73.4160  
                  BUF_X2              121         128.7440  
                  BUF_X4               86         160.1320  
                  BUF_X8                2           6.9160  
               CLKBUF_X1              692         552.2160  
               CLKBUF_X2               19          20.2160  
               CLKBUF_X3               37          49.2100  
                  DFF_X1              391        1768.1020  
                  DFF_X2                4          20.2160  
             FILLCELL_X1             8416        2238.6560  
            FILLCELL_X16               17          72.3520  
            FILLCELL_X32                9          76.6080  
             FILLCELL_X4             1878        1998.1920  
                  INV_X1              768         408.5760  
                 INV_X16                2           9.0440  
                  INV_X2               45          35.9100  
                 INV_X32                2          17.5560  
                  INV_X4               19          25.2700  
                  INV_X8                6          14.3640  
                 MUX2_X1              129         240.1980  
                NAND2_X1              638         509.1240  
                NAND2_X2               50          66.5000  
                NAND2_X4                6          14.3640  
                NAND3_X1              304         323.4560  
                NAND3_X2                6          11.1720  
                NAND4_X1              507         674.3100  
                NAND4_X2                7          16.7580  
                 NOR2_X1              527         420.5460  
                 NOR2_X2              102         135.6600  
                 NOR2_X4                7          16.7580  
                 NOR3_X1              146         155.3440  
                 NOR3_X2               31          57.7220  
                 NOR3_X4                4          14.8960  
                 NOR4_X1              251         333.8300  
                 NOR4_X2              100         239.4000  
                 NOR4_X4               11          52.6680  
               OAI211_X1              194         258.0200  
               OAI211_X2               27          64.6380  
               OAI211_X4                1           4.5220  
                OAI21_X1              183         194.7120  
                OAI21_X2                9          16.7580  
               OAI221_X1                6           9.5760  
               OAI221_X2                2           5.8520  
               OAI221_X4                1           3.4580  
               OAI222_X1                3           6.3840  
                OAI22_X1              140         186.2000  
                OAI22_X2                1           2.3940  
                  OR2_X1               18          19.1520  
                  OR2_X2                3           3.9900  
                  OR3_X1               75          99.7500  
                  OR3_X2                1           1.5960  
                  OR3_X4                2           5.8520  
                  OR4_X1                2           3.1920  
                  OR4_X2                4           7.4480  
                  OR4_X4                2           6.9160  
                XNOR2_X1              301         480.3960  
                XNOR2_X2               16          42.5600  
                 XOR2_X1              105         167.5800  
                 XOR2_X2               67         160.3980  
# Pads: 0  
# Net: 8122  
# Special Net: 2  
# IO Pins: 
    ------------------------------
    Issued IO Information
    ------------------------------
    # Unplaced IO Pin  0  
    # Floating IO  0  
    # IO Connected to Non-IO Inst  
        ------------------------------
        IO Connected to Non-IO Inst
        ------------------------------
                     IO Name      Non-IO Inst Name  
                  data_valid                    U7  
                        busy                    U8  
                   key_in[0]    key_scheduler/U611  
                   key_in[1]    key_scheduler/U618  
                   key_in[2]    key_scheduler/U912  
                   key_in[3]   key_scheduler/U1135  
                   key_in[4]   key_scheduler/U1131  
                   key_in[5]   key_scheduler/U1127  
                   key_in[6]   key_scheduler/U1123  
                   key_in[7]   key_scheduler/U1119  
                   key_in[8]   key_scheduler/U1115  
                   key_in[9]   key_scheduler/U1111  
                  key_in[10]   key_scheduler/U1107  
                  key_in[11]   key_scheduler/U1103  
                  key_in[12]   key_scheduler/U1099  
                  key_in[13]   key_scheduler/U1095  
                  key_in[14]   key_scheduler/U1091  
                  key_in[15]   key_scheduler/U1087  
                  key_in[16]   key_scheduler/U1083  
                  key_in[17]   key_scheduler/U1079  
                  key_in[18]   key_scheduler/U1075  
                  key_in[19]   key_scheduler/U1071  
                  key_in[20]   key_scheduler/U1067  
                  key_in[21]   key_scheduler/U1063  
                  key_in[22]   key_scheduler/U1059  
                  key_in[23]   key_scheduler/U1055  
                  key_in[24]   key_scheduler/U1051  
                  key_in[25]   key_scheduler/U1046  
                  key_in[26]   key_scheduler/U1042  
                  key_in[27]   key_scheduler/U1038  
                  key_in[28]   key_scheduler/U1034  
                  key_in[29]   key_scheduler/U1030  
                  key_in[30]   key_scheduler/U1025  
                  key_in[31]   key_scheduler/U1021  
                  key_in[32]   key_scheduler/U1017  
                  key_in[33]   key_scheduler/U1013  
                  key_in[34]   key_scheduler/U1009  
                  key_in[35]   key_scheduler/U1005  
                  key_in[36]   key_scheduler/U1001  
                  key_in[37]    key_scheduler/U997  
                  key_in[38]    key_scheduler/U992  
                  key_in[39]    key_scheduler/U988  
                  key_in[40]    key_scheduler/U984  
                  key_in[41]    key_scheduler/U980  
                  key_in[42]    key_scheduler/U976  
                  key_in[43]    key_scheduler/U972  
                  key_in[44]    key_scheduler/U968  
                  key_in[45]    key_scheduler/U964  
                  key_in[46]    key_scheduler/U960  
                  key_in[47]    key_scheduler/U956  
                  key_in[48]    key_scheduler/U952  
                  key_in[49]    key_scheduler/U947  
                  key_in[50]    key_scheduler/U943  
                  key_in[51]    key_scheduler/U939  
                  key_in[52]    key_scheduler/U935  
                  key_in[53]    key_scheduler/U931  
                  key_in[54]    key_scheduler/U927  
                  key_in[55]    key_scheduler/U923  
                  key_in[56]    key_scheduler/U919  
                  key_in[57]    key_scheduler/U915  
                  key_in[58]    key_scheduler/U907  
                  key_in[59]    key_scheduler/U903  
                  key_in[60]    key_scheduler/U898  
                  key_in[61]    key_scheduler/U894  
                  key_in[62]    key_scheduler/U889  
                  key_in[63]    key_scheduler/U885  
                  key_in[64]    key_scheduler/U881  
                  key_in[65]    key_scheduler/U877  
                  key_in[66]    key_scheduler/U873  
                  key_in[67]    key_scheduler/U869  
                  key_in[68]    key_scheduler/U865  
                  key_in[69]    key_scheduler/U861  
                  key_in[70]    key_scheduler/U857  
                  key_in[71]    key_scheduler/U853  
                  key_in[72]    key_scheduler/U849  
                  key_in[73]    key_scheduler/U844  
                  key_in[74]    key_scheduler/U840  
                  key_in[75]    key_scheduler/U836  
                  key_in[76]    key_scheduler/U832  
                  key_in[77]    key_scheduler/U828  
                  key_in[78]    key_scheduler/U824  
                  key_in[79]    key_scheduler/U820  
                  key_in[80]    key_scheduler/U816  
                  key_in[81]    key_scheduler/U812  
                  key_in[82]    key_scheduler/U808  
                  key_in[83]    key_scheduler/U804  
                  key_in[84]    key_scheduler/U800  
                  key_in[85]    key_scheduler/U796  
                  key_in[86]    key_scheduler/U792  
                  key_in[87]    key_scheduler/U788  
                  key_in[88]    key_scheduler/U784  
                  key_in[89]    key_scheduler/U780  
                  key_in[90]    key_scheduler/U776  
                  key_in[91]    key_scheduler/U771  
                  key_in[92]    key_scheduler/U767  
                  key_in[93]    key_scheduler/U763  
                  key_in[94]    key_scheduler/U759  
                  key_in[95]    key_scheduler/U755  
                  key_in[96]    key_scheduler/U751  
                  key_in[97]    key_scheduler/U747  
                  key_in[98]    key_scheduler/U743  
                  key_in[99]    key_scheduler/U739  
                 key_in[100]    key_scheduler/U735  
                 key_in[101]    key_scheduler/U731  
                 key_in[102]    key_scheduler/U727  
                 key_in[103]    key_scheduler/U722  
                 key_in[104]    key_scheduler/U718  
                 key_in[105]    key_scheduler/U714  
                 key_in[106]    key_scheduler/U709  
                 key_in[107]    key_scheduler/U705  
                 key_in[108]    key_scheduler/U700  
                 key_in[109]    key_scheduler/U695  
                 key_in[110]    key_scheduler/U691  
                 key_in[111]    key_scheduler/U687  
                 key_in[112]    key_scheduler/U683  
                 key_in[113]    key_scheduler/U680  
                 key_in[114]    key_scheduler/U676  
                 key_in[115]    key_scheduler/U671  
                 key_in[116]    key_scheduler/U667  
                 key_in[117]    key_scheduler/U663  
                 key_in[118]    key_scheduler/U659  
                 key_in[119]    key_scheduler/U655  
                 key_in[120]    key_scheduler/U651  
                 key_in[121]    key_scheduler/U647  
                 key_in[122]    key_scheduler/U643  
                 key_in[123]    key_scheduler/U639  
                 key_in[124]    key_scheduler/U635  
                 key_in[125]    key_scheduler/U631  
                 key_in[126]    key_scheduler/U627  
                 key_in[127]    key_scheduler/U623  
                  data_in[0]        randomize/U452  
                  data_in[1]       randomize/U1152  
                  data_in[2]       randomize/U1158  
                  data_in[3]       randomize/U1164  
                  data_in[4]       randomize/U1170  
                  data_in[5]       randomize/U1176  
                  data_in[6]       randomize/U1182  
                  data_in[7]       randomize/U1189  
                  data_in[8]       randomize/U1195  
                  data_in[9]       randomize/U1201  
                 data_in[10]       randomize/U1207  
                 data_in[11]       randomize/U1213  
                 data_in[12]       randomize/U1219  
                 data_in[13]       randomize/U1225  
                 data_in[14]       randomize/U1231  
                 data_in[15]       randomize/U1237  
                 data_in[16]       randomize/U1243  
                 data_in[17]       randomize/U1249  
                 data_in[18]       randomize/U1255  
                 data_in[19]       randomize/U1261  
                 data_in[20]       randomize/U1267  
                 data_in[21]       randomize/U1273  
                 data_in[22]       randomize/U1279  
                 data_in[23]       randomize/U1285  
                 data_in[24]       randomize/U1291  
                 data_in[25]       randomize/U1297  
                 data_in[26]       randomize/U1303  
                 data_in[27]       randomize/U1309  
                 data_in[28]       randomize/U1315  
                 data_in[29]        randomize/U464  
                 data_in[30]        randomize/U471  
                 data_in[31]        randomize/U478  
                 data_in[32]        randomize/U485  
                 data_in[33]        randomize/U492  
                 data_in[34]        randomize/U499  
                 data_in[35]        randomize/U506  
                 data_in[36]        randomize/U513  
                 data_in[37]        randomize/U520  
                 data_in[38]        randomize/U527  
                 data_in[39]        randomize/U534  
                 data_in[40]        randomize/U541  
                 data_in[41]        randomize/U548  
                 data_in[42]        randomize/U555  
                 data_in[43]        randomize/U562  
                 data_in[44]        randomize/U569  
                 data_in[45]        randomize/U576  
                 data_in[46]        randomize/U583  
                 data_in[47]        randomize/U590  
                 data_in[48]        randomize/U597  
                 data_in[49]        randomize/U604  
                 data_in[50]        randomize/U611  
                 data_in[51]        randomize/U618  
                 data_in[52]        randomize/U625  
                 data_in[53]        randomize/U632  
                 data_in[54]        randomize/U639  
                 data_in[55]        randomize/U646  
                 data_in[56]        randomize/U653  
                 data_in[57]        randomize/U661  
                 data_in[58]        randomize/U668  
                 data_in[59]        randomize/U675  
                 data_in[60]        randomize/U683  
                 data_in[61]        randomize/U690  
                 data_in[62]        randomize/U697  
                 data_in[63]        randomize/U704  
                 data_in[64]        randomize/U717  
                 data_in[65]        randomize/U726  
                 data_in[66]        randomize/U734  
                 data_in[67]        randomize/U742  
                 data_in[68]        randomize/U750  
                 data_in[69]        randomize/U757  
                 data_in[70]        randomize/U765  
                 data_in[71]        randomize/U773  
                 data_in[72]        randomize/U781  
                 data_in[73]        randomize/U789  
                 data_in[74]        randomize/U796  
                 data_in[75]        randomize/U803  
                 data_in[76]        randomize/U810  
                 data_in[77]        randomize/U817  
                 data_in[78]        randomize/U824  
                 data_in[79]        randomize/U832  
                 data_in[80]        randomize/U841  
                 data_in[81]        randomize/U849  
                 data_in[82]        randomize/U857  
                 data_in[83]        randomize/U865  
                 data_in[84]        randomize/U872  
                 data_in[85]        randomize/U880  
                 data_in[86]        randomize/U887  
                 data_in[87]        randomize/U894  
                 data_in[88]        randomize/U901  
                 data_in[89]        randomize/U909  
                 data_in[90]        randomize/U917  
                 data_in[91]        randomize/U925  
                 data_in[92]        randomize/U933  
                 data_in[93]        randomize/U939  
                 data_in[94]        randomize/U945  
                 data_in[95]        randomize/U951  
                 data_in[96]        randomize/U957  
                 data_in[97]        randomize/U964  
                 data_in[98]        randomize/U970  
                 data_in[99]        randomize/U977  
                data_in[100]        randomize/U983  
                data_in[101]        randomize/U989  
                data_in[102]        randomize/U995  
                data_in[103]       randomize/U1001  
                data_in[104]       randomize/U1007  
                data_in[105]       randomize/U1013  
                data_in[106]       randomize/U1019  
                data_in[107]       randomize/U1026  
                data_in[108]       randomize/U1032  
                data_in[109]       randomize/U1039  
                data_in[110]       randomize/U1045  
                data_in[111]       randomize/U1051  
                data_in[112]       randomize/U1057  
                data_in[113]       randomize/U1063  
                data_in[114]       randomize/U1069  
                data_in[115]       randomize/U1075  
                data_in[116]       randomize/U1081  
                data_in[117]       randomize/U1087  
                data_in[118]       randomize/U1093  
                data_in[119]       randomize/U1099  
                data_in[120]       randomize/U1106  
                data_in[121]       randomize/U1112  
                data_in[122]       randomize/U1118  
                data_in[123]       randomize/U1125  
                data_in[124]       randomize/U1131  
                data_in[125]       randomize/U1137  
                data_in[126]       randomize/U1143  
                data_in[127]       randomize/U1149  
                     key_rdy         sequencer/U59  
                    data_rdy         sequencer/U10  
                       en_de     key_scheduler/U81  
                      nreset       FE_DBTC8_nreset  
                         clk  CTS_ccl_BUF_CLK_G0_L1_18  
                 data_out[0]        randomize/U458  
                 data_out[1]       randomize/U1154  
                 data_out[2]       randomize/U1160  
                 data_out[3]       randomize/U1166  
                 data_out[4]       randomize/U1172  
                 data_out[5]       randomize/U1178  
                 data_out[6]       randomize/U1184  
                 data_out[7]       randomize/U1191  
                 data_out[8]       randomize/U1197  
                 data_out[9]       randomize/U1203  
                data_out[10]       randomize/U1209  
                data_out[11]       randomize/U1215  
                data_out[12]       randomize/U1221  
                data_out[13]       randomize/U1227  
                data_out[14]       randomize/U1233  
                data_out[15]       randomize/U1239  
                data_out[16]       randomize/U1245  
                data_out[17]       randomize/U1251  
                data_out[18]       randomize/U1257  
                data_out[19]       randomize/U1263  
                data_out[20]       randomize/U1269  
                data_out[21]       randomize/U1275  
                data_out[22]       randomize/U1281  
                data_out[23]       randomize/U1287  
                data_out[24]       randomize/U1293  
                data_out[25]       randomize/U1299  
                data_out[26]       randomize/U1305  
                data_out[27]       randomize/U1311  
                data_out[28]       randomize/U1317  
                data_out[29]        randomize/U466  
                data_out[30]        randomize/U473  
                data_out[31]        randomize/U480  
                data_out[32]        randomize/U487  
                data_out[33]        randomize/U494  
                data_out[34]        randomize/U501  
                data_out[35]        randomize/U508  
                data_out[36]        randomize/U515  
                data_out[37]        randomize/U522  
                data_out[38]        randomize/U529  
                data_out[39]        randomize/U536  
                data_out[40]        randomize/U543  
                data_out[41]        randomize/U550  
                data_out[42]        randomize/U557  
                data_out[43]        randomize/U564  
                data_out[44]        randomize/U571  
                data_out[45]        randomize/U578  
                data_out[46]        randomize/U585  
                data_out[47]        randomize/U592  
                data_out[48]        randomize/U599  
                data_out[49]        randomize/U606  
                data_out[50]        randomize/U613  
                data_out[51]        randomize/U620  
                data_out[52]        randomize/U627  
                data_out[53]        randomize/U634  
                data_out[54]        randomize/U641  
                data_out[55]        randomize/U648  
                data_out[56]        randomize/U655  
                data_out[57]        randomize/U663  
                data_out[58]        randomize/U670  
                data_out[59]        randomize/U677  
                data_out[60]        randomize/U685  
                data_out[61]        randomize/U692  
                data_out[62]        randomize/U699  
                data_out[63]        randomize/U706  
                data_out[64]     key_scheduler/U78  
                data_out[65]     key_scheduler/U85  
                data_out[66]    key_scheduler/U208  
                data_out[67]    key_scheduler/U204  
                data_out[68]    key_scheduler/U200  
                data_out[69]    key_scheduler/U195  
                data_out[70]    key_scheduler/U191  
                data_out[71]    key_scheduler/U187  
                data_out[72]    key_scheduler/U183  
                data_out[73]    key_scheduler/U179  
                data_out[74]    key_scheduler/U175  
                data_out[75]    key_scheduler/U170  
                data_out[76]    key_scheduler/U165  
                data_out[77]    key_scheduler/U161  
                data_out[78]    key_scheduler/U156  
                data_out[79]    key_scheduler/U150  
                data_out[80]    key_scheduler/U145  
                data_out[81]    key_scheduler/U140  
                data_out[82]    key_scheduler/U135  
                data_out[83]    key_scheduler/U130  
                data_out[84]    key_scheduler/U126  
                data_out[85]    key_scheduler/U121  
                data_out[86]    key_scheduler/U117  
                data_out[87]    key_scheduler/U113  
                data_out[88]    key_scheduler/U108  
                data_out[89]    key_scheduler/U103  
                data_out[90]     key_scheduler/U99  
                data_out[91]     key_scheduler/U95  
                data_out[92]     key_scheduler/U90  
                data_out[93]    key_scheduler/U212  
                data_out[94]    key_scheduler/U604  
                data_out[95]    key_scheduler/U600  
                data_out[96]    key_scheduler/U596  
                data_out[97]    key_scheduler/U592  
                data_out[98]    key_scheduler/U588  
                data_out[99]    key_scheduler/U584  
               data_out[100]    key_scheduler/U580  
               data_out[101]    key_scheduler/U576  
               data_out[102]    key_scheduler/U572  
               data_out[103]    key_scheduler/U568  
               data_out[104]    key_scheduler/U564  
               data_out[105]    key_scheduler/U560  
               data_out[106]    key_scheduler/U556  
               data_out[107]    key_scheduler/U552  
               data_out[108]    key_scheduler/U548  
               data_out[109]    key_scheduler/U544  
               data_out[110]    key_scheduler/U540  
               data_out[111]    key_scheduler/U536  
               data_out[112]    key_scheduler/U532  
               data_out[113]    key_scheduler/U528  
               data_out[114]    key_scheduler/U524  
               data_out[115]    key_scheduler/U520  
               data_out[116]    key_scheduler/U516  
               data_out[117]    key_scheduler/U512  
               data_out[118]    key_scheduler/U508  
               data_out[119]    key_scheduler/U504  
               data_out[120]    key_scheduler/U500  
               data_out[121]    key_scheduler/U496  
               data_out[122]    key_scheduler/U492  
               data_out[123]    key_scheduler/U488  
               data_out[124]    key_scheduler/U484  
               data_out[125]    key_scheduler/U480  
               data_out[126]    key_scheduler/U476  
               data_out[127]    key_scheduler/U472  391  391  
# Pins: 
    ------------------------------
    Correctness of Pin Connectivity for All Instances
    ------------------------------
    # Floating Terms  0  
    # Output Term Marked Tie Hi/Lo  0  
    # Output Term Shorted to PG Net  0  27212  
# PG Pins: 
    ------------------------------
    Correctness of PG Pin Connectivity for All Instances
    ------------------------------
    # Instances that No Net Defined for Any PG Pin  0  
    # Floating PG Terms  0  
    # PG Pins Connect to Non-PG Net  0  
    # Power Pins Connect Ground Net  0  
    # Ground Pins Connect Power Net  0  35984  
Average Pins Per Net(Signal): 3.350  

==============================
General Library Information
==============================
# Routing Layers: 6  
# Masterslice Layers: 2  
# Pin Layers: 
    General Caution:
        1) Library have metal1, metal2, metal3, metal4, metal5 and metal6 pins, you should setPlaceMode -prerouteAsObs {1 2 3}                                 to ensure these pins are accessible after placement

    ------------------------------
    Pin Layers
    ------------------------------
    metal6  
    metal5  
    metal4  
    metal3  
    metal2  
    metal1  6  
# Layers: 
    ------------------------------
    Layer OVERLAP Information
    ------------------------------
    Type  Overlap  
    ------------------------------
    Layer metal6 Information
    ------------------------------
    Type  Routing  
    Wire Pitch X  0.280 um  
    Wire Pitch Y  0.280 um  
    Offset X  0.095 um  
    Offset Y  0.070 um  
    Wire Width  0.140 um  
    Spacing  0.140 um  
    ------------------------------
    Layer via5 Information
    ------------------------------
    Type  Cut  
    Wire Width  0.140 um  
    Vias  
        ------------------------------
        Via list in layer via5
        ------------------------------
                Vias in via5  Default  
                      via5_0      Yes  For complete list click here  
    Multiple Orientation Vias  CAUTION: There is only one default via in this layer  
    ------------------------------
    Layer metal5 Information
    ------------------------------
    Type  Routing  
    Wire Pitch X  0.280 um  
    Wire Pitch Y  0.280 um  
    Offset X  0.095 um  
    Offset Y  0.070 um  
    Wire Width  0.140 um  
    Spacing  0.140 um  
    ------------------------------
    Layer via4 Information
    ------------------------------
    Type  Cut  
    Wire Width  0.140 um  
    Vias  
        ------------------------------
        Via list in layer via4
        ------------------------------
                Vias in via4  Default  
                      via4_0      Yes  For complete list click here  
    Multiple Orientation Vias  CAUTION: There is only one default via in this layer  
    ------------------------------
    Layer metal4 Information
    ------------------------------
    Type  Routing  
    Wire Pitch X  0.280 um  
    Wire Pitch Y  0.280 um  
    Offset X  0.095 um  
    Offset Y  0.070 um  
    Wire Width  0.140 um  
    Spacing  0.140 um  
    ------------------------------
    Layer via3 Information
    ------------------------------
    Type  Cut  
    Wire Width  0.070 um  
    Vias  
        ------------------------------
        Via list in layer via3
        ------------------------------
                Vias in via3  Default  
                      via3_1      Yes  
                      via3_0      Yes  
                      via3_2      Yes  For complete list click here  
    ------------------------------
    Layer metal3 Information
    ------------------------------
    Type  Routing  
    Wire Pitch X  0.140 um  
    Wire Pitch Y  0.140 um  
    Offset X  0.095 um  
    Offset Y  0.070 um  
    Wire Width  0.070 um  
    Spacing  0.070 um  
    ------------------------------
    Layer via2 Information
    ------------------------------
    Type  Cut  
    Wire Width  0.070 um  
    Vias  
        ------------------------------
        Via list in layer via2
        ------------------------------
                Vias in via2  Default  
                      via2_3      Yes  
                      via2_2      Yes  
                      via2_1      Yes  
                      via2_0      Yes  
                      via2_6      Yes  
                      via2_7      Yes  
                      via2_5      Yes  
                      via2_4      Yes  
                      via2_8      Yes  For complete list click here  
    ------------------------------
    Layer metal2 Information
    ------------------------------
    Type  Routing  
    Wire Pitch X  0.190 um  
    Wire Pitch Y  0.190 um  
    Offset X  0.095 um  
    Offset Y  0.070 um  
    Wire Width  0.070 um  
    Spacing  0.070 um  
    ------------------------------
    Layer via1 Information
    ------------------------------
    Type  Cut  
    Wire Width  0.070 um  
    Vias  
        ------------------------------
        Via list in layer via1
        ------------------------------
                Vias in via1  Default  
                      via1_8      Yes  
                      via1_7      Yes  
                      via1_6      Yes  
                      via1_5      Yes  
                      via1_3      Yes  
                      via1_2      Yes  
                      via1_1      Yes  
                      via1_0      Yes  
                      via1_4      Yes  For complete list click here  
    ------------------------------
    Layer metal1 Information
    ------------------------------
    Type  Routing  
    Wire Pitch X  0.140 um  
    Wire Pitch Y  0.140 um  
    Offset X  0.095 um  
    Offset Y  0.070 um  
    Wire Width  0.070 um  
    Spacing  0.065 um  
    ------------------------------
    Layer active Information
    ------------------------------
    Type  Masterslice  
    ------------------------------
    Layer poly Information
    ------------------------------
    Type  Masterslice  14  
# Pins without Physical Port: 0  
# Pins in Library without Timing Lib: 0  
# Pins Missing Direction: 0  
Antenna Summary Report: 
    General Caution:
        1) All Antenna Constructs are absent for the layer section of LEF.
    ------------------------------
    These Pins have antenna info
    ------------------------------
               Cell Name      List of Pin Name  
                 AND2_X1                    ZN  
                 AND2_X1                    A2  
                 AND2_X1                    A1  
                 AND2_X2                    ZN  
                 AND2_X2                    A2  
                 AND2_X2                    A1  
                 AND2_X4                    ZN  
                 AND2_X4                    A2  
                 AND2_X4                    A1  
                 AND3_X1                    ZN  
                 AND3_X1                    A3  
                 AND3_X1                    A2  
                 AND3_X1                    A1  
                 AND3_X2                    ZN  
                 AND3_X2                    A3  
                 AND3_X2                    A2  
                 AND3_X2                    A1  
                 AND3_X4                    ZN  
                 AND3_X4                    A3  
                 AND3_X4                    A2  
                 AND3_X4                    A1  
                 AND4_X1                    ZN  
                 AND4_X1                    A4  
                 AND4_X1                    A3  
                 AND4_X1                    A2  
                 AND4_X1                    A1  
                 AND4_X2                    ZN  
                 AND4_X2                    A4  
                 AND4_X2                    A3  
                 AND4_X2                    A2  
                 AND4_X2                    A1  
                 AND4_X4                    ZN  
                 AND4_X4                    A4  
                 AND4_X4                    A3  
                 AND4_X4                    A2  
                 AND4_X4                    A1  
              ANTENNA_X1                     A  
               AOI211_X1                    ZN  
               AOI211_X1                    C2  
               AOI211_X1                    C1  
               AOI211_X1                     B  
               AOI211_X1                     A  
               AOI211_X2                    ZN  
               AOI211_X2                    C2  
               AOI211_X2                    C1  
               AOI211_X2                     B  
               AOI211_X2                     A  
               AOI211_X4                    ZN  
               AOI211_X4                    C2  
               AOI211_X4                    C1  
               AOI211_X4                     B  
               AOI211_X4                     A  
                AOI21_X1                    ZN  
                AOI21_X1                    B2  
                AOI21_X1                    B1  
                AOI21_X1                     A  
                AOI21_X2                    ZN  
                AOI21_X2                    B2  
                AOI21_X2                    B1  
                AOI21_X2                     A  
                AOI21_X4                    ZN  
                AOI21_X4                    B2  
                AOI21_X4                    B1  
                AOI21_X4                     A  
               AOI221_X1                    ZN  
               AOI221_X1                    C2  
               AOI221_X1                    C1  
               AOI221_X1                    B2  
               AOI221_X1                    B1  
               AOI221_X1                     A  
               AOI221_X2                    ZN  
               AOI221_X2                    C2  
               AOI221_X2                    C1  
               AOI221_X2                    B2  
               AOI221_X2                    B1  
               AOI221_X2                     A  
               AOI221_X4                    ZN  
               AOI221_X4                    C2  
               AOI221_X4                    C1  
               AOI221_X4                    B2  
               AOI221_X4                    B1  
               AOI221_X4                     A  
               AOI222_X1                    ZN  
               AOI222_X1                    C2  
               AOI222_X1                    C1  
               AOI222_X1                    B2  
               AOI222_X1                    B1  
               AOI222_X1                    A2  
               AOI222_X1                    A1  
               AOI222_X2                    ZN  
               AOI222_X2                    C2  
               AOI222_X2                    C1  
               AOI222_X2                    B2  
               AOI222_X2                    B1  
               AOI222_X2                    A2  
               AOI222_X2                    A1  
               AOI222_X4                    ZN  
               AOI222_X4                    C2  
               AOI222_X4                    C1  
               AOI222_X4                    B2  
               AOI222_X4                    B1  
               AOI222_X4                    A2  
               AOI222_X4                    A1  
                AOI22_X1                    ZN  
                AOI22_X1                    B2  
                AOI22_X1                    B1  
                AOI22_X1                    A2  
                AOI22_X1                    A1  
                AOI22_X2                    ZN  
                AOI22_X2                    B2  
                AOI22_X2                    B1  
                AOI22_X2                    A2  
                AOI22_X2                    A1  
                AOI22_X4                    ZN  
                AOI22_X4                    B2  
                AOI22_X4                    B1  
                AOI22_X4                    A2  
                AOI22_X4                    A1  
                  BUF_X1                     Z  
                  BUF_X1                     A  
                 BUF_X16                     Z  
                 BUF_X16                     A  
                  BUF_X2                     Z  
                  BUF_X2                     A  
                 BUF_X32                     Z  
                 BUF_X32                     A  
                  BUF_X4                     Z  
                  BUF_X4                     A  
                  BUF_X8                     Z  
                  BUF_X8                     A  
               CLKBUF_X1                     Z  
               CLKBUF_X1                     A  
               CLKBUF_X2                     Z  
               CLKBUF_X2                     A  
               CLKBUF_X3                     Z  
               CLKBUF_X3                     A  
           CLKGATETST_X1                   GCK  
           CLKGATETST_X1                    SE  
           CLKGATETST_X1                     E  
           CLKGATETST_X1                    CK  
           CLKGATETST_X2                   GCK  
           CLKGATETST_X2                    SE  
           CLKGATETST_X2                     E  
           CLKGATETST_X2                    CK  
           CLKGATETST_X4                   GCK  
           CLKGATETST_X4                    SE  
           CLKGATETST_X4                     E  
           CLKGATETST_X4                    CK  
           CLKGATETST_X8                   GCK  
           CLKGATETST_X8                    SE  
           CLKGATETST_X8                     E  
           CLKGATETST_X8                    CK  
              CLKGATE_X1                   GCK  
              CLKGATE_X1                     E  
              CLKGATE_X1                    CK  
              CLKGATE_X2                   GCK  
              CLKGATE_X2                     E  
              CLKGATE_X2                    CK  
              CLKGATE_X4                   GCK  
              CLKGATE_X4                     E  
              CLKGATE_X4                    CK  
              CLKGATE_X8                   GCK  
              CLKGATE_X8                     E  
              CLKGATE_X8                    CK  
                DFFRS_X1                    QN  
                DFFRS_X1                     Q  
                DFFRS_X1                    CK  
                DFFRS_X1                    SN  
                DFFRS_X1                    RN  
                DFFRS_X1                     D  
                DFFRS_X2                    QN  
                DFFRS_X2                     Q  
                DFFRS_X2                    CK  
                DFFRS_X2                    SN  
                DFFRS_X2                    RN  
                DFFRS_X2                     D  
                 DFFR_X1                    QN  
                 DFFR_X1                     Q  
                 DFFR_X1                    CK  
                 DFFR_X1                    RN  
                 DFFR_X1                     D  
                 DFFR_X2                    QN  
                 DFFR_X2                     Q  
                 DFFR_X2                    CK  
                 DFFR_X2                    RN  
                 DFFR_X2                     D  
                 DFFS_X1                    QN  
                 DFFS_X1                     Q  
                 DFFS_X1                    CK  
                 DFFS_X1                    SN  
                 DFFS_X1                     D  
                 DFFS_X2                    QN  
                 DFFS_X2                     Q  
                 DFFS_X2                    CK  
                 DFFS_X2                    SN  
                 DFFS_X2                     D  
                  DFF_X1                    QN  
                  DFF_X1                     Q  
                  DFF_X1                    CK  
                  DFF_X1                     D  
                  DFF_X2                    QN  
                  DFF_X2                     Q  
                  DFF_X2                    CK  
                  DFF_X2                     D  
                  DLH_X1                     Q  
                  DLH_X1                     G  
                  DLH_X1                     D  
                  DLH_X2                     Q  
                  DLH_X2                     G  
                  DLH_X2                     D  
                  DLL_X1                     Q  
                  DLL_X1                    GN  
                  DLL_X1                     D  
                  DLL_X2                     Q  
                  DLL_X2                    GN  
                  DLL_X2                     D  
                   FA_X1                     S  
                   FA_X1                    CO  
                   FA_X1                    CI  
                   FA_X1                     B  
                   FA_X1                     A  
                   HA_X1                     S  
                   HA_X1                    CO  
                   HA_X1                     B  
                   HA_X1                     A  
                  INV_X1                    ZN  
                  INV_X1                     A  
                 INV_X16                    ZN  
                 INV_X16                     A  
                  INV_X2                    ZN  
                  INV_X2                     A  
                 INV_X32                    ZN  
                 INV_X32                     A  
                  INV_X4                    ZN  
                  INV_X4                     A  
                  INV_X8                    ZN  
                  INV_X8                     A  
               LOGIC0_X1                     Z  
               LOGIC1_X1                     Z  
                 MUX2_X1                     Z  
                 MUX2_X1                     S  
                 MUX2_X1                     B  
                 MUX2_X1                     A  
                 MUX2_X2                     Z  
                 MUX2_X2                     S  
                 MUX2_X2                     B  
                 MUX2_X2                     A  
                NAND2_X1                    ZN  
                NAND2_X1                    A2  
                NAND2_X1                    A1  
                NAND2_X2                    ZN  
                NAND2_X2                    A2  
                NAND2_X2                    A1  
                NAND2_X4                    ZN  
                NAND2_X4                    A2  
                NAND2_X4                    A1  
                NAND3_X1                    ZN  
                NAND3_X1                    A3  
                NAND3_X1                    A2  
                NAND3_X1                    A1  
                NAND3_X2                    ZN  
                NAND3_X2                    A3  
                NAND3_X2                    A2  
                NAND3_X2                    A1  
                NAND3_X4                    ZN  
                NAND3_X4                    A3  
                NAND3_X4                    A2  
                NAND3_X4                    A1  
                NAND4_X1                    ZN  
                NAND4_X1                    A4  
                NAND4_X1                    A3  
                NAND4_X1                    A2  
                NAND4_X1                    A1  
                NAND4_X2                    ZN  
                NAND4_X2                    A4  
                NAND4_X2                    A3  
                NAND4_X2                    A2  
                NAND4_X2                    A1  
                NAND4_X4                    ZN  
                NAND4_X4                    A4  
                NAND4_X4                    A3  
                NAND4_X4                    A2  
                NAND4_X4                    A1  
                 NOR2_X1                    ZN  
                 NOR2_X1                    A2  
                 NOR2_X1                    A1  
                 NOR2_X2                    ZN  
                 NOR2_X2                    A2  
                 NOR2_X2                    A1  
                 NOR2_X4                    ZN  
                 NOR2_X4                    A2  
                 NOR2_X4                    A1  
                 NOR3_X1                    ZN  
                 NOR3_X1                    A3  
                 NOR3_X1                    A2  
                 NOR3_X1                    A1  
                 NOR3_X2                    ZN  
                 NOR3_X2                    A3  
                 NOR3_X2                    A2  
                 NOR3_X2                    A1  
                 NOR3_X4                    ZN  
                 NOR3_X4                    A3  
                 NOR3_X4                    A2  
                 NOR3_X4                    A1  
                 NOR4_X1                    ZN  
                 NOR4_X1                    A4  
                 NOR4_X1                    A3  
                 NOR4_X1                    A2  
                 NOR4_X1                    A1  
                 NOR4_X2                    ZN  
                 NOR4_X2                    A4  
                 NOR4_X2                    A3  
                 NOR4_X2                    A2  
                 NOR4_X2                    A1  
                 NOR4_X4                    ZN  
                 NOR4_X4                    A4  
                 NOR4_X4                    A3  
                 NOR4_X4                    A2  
                 NOR4_X4                    A1  
               OAI211_X1                    ZN  
               OAI211_X1                    C2  
               OAI211_X1                    C1  
               OAI211_X1                     B  
               OAI211_X1                     A  
               OAI211_X2                    ZN  
               OAI211_X2                    C2  
               OAI211_X2                    C1  
               OAI211_X2                     B  
               OAI211_X2                     A  
               OAI211_X4                    ZN  
               OAI211_X4                    C2  
               OAI211_X4                    C1  
               OAI211_X4                     B  
               OAI211_X4                     A  
                OAI21_X1                    ZN  
                OAI21_X1                    B2  
                OAI21_X1                    B1  
                OAI21_X1                     A  
                OAI21_X2                    ZN  
                OAI21_X2                    B2  
                OAI21_X2                    B1  
                OAI21_X2                     A  
                OAI21_X4                    ZN  
                OAI21_X4                    B2  
                OAI21_X4                    B1  
                OAI21_X4                     A  
               OAI221_X1                    ZN  
               OAI221_X1                    C2  
               OAI221_X1                    C1  
               OAI221_X1                    B2  
               OAI221_X1                    B1  
               OAI221_X1                     A  
               OAI221_X2                    ZN  
               OAI221_X2                    C2  
               OAI221_X2                    C1  
               OAI221_X2                    B2  
               OAI221_X2                    B1  
               OAI221_X2                     A  
               OAI221_X4                    ZN  
               OAI221_X4                    C2  
               OAI221_X4                    C1  
               OAI221_X4                    B2  
               OAI221_X4                    B1  
               OAI221_X4                     A  
               OAI222_X1                    ZN  
               OAI222_X1                    C2  
               OAI222_X1                    C1  
               OAI222_X1                    B2  
               OAI222_X1                    B1  
               OAI222_X1                    A2  
               OAI222_X1                    A1  
               OAI222_X2                    ZN  
               OAI222_X2                    C2  
               OAI222_X2                    C1  
               OAI222_X2                    B2  
               OAI222_X2                    B1  
               OAI222_X2                    A2  
               OAI222_X2                    A1  
               OAI222_X4                    ZN  
               OAI222_X4                    C2  
               OAI222_X4                    C1  
               OAI222_X4                    B2  
               OAI222_X4                    B1  
               OAI222_X4                    A2  
               OAI222_X4                    A1  
                OAI22_X1                    ZN  
                OAI22_X1                    B2  
                OAI22_X1                    B1  
                OAI22_X1                    A2  
                OAI22_X1                    A1  
                OAI22_X2                    ZN  
                OAI22_X2                    B2  
                OAI22_X2                    B1  
                OAI22_X2                    A2  
                OAI22_X2                    A1  
                OAI22_X4                    ZN  
                OAI22_X4                    B2  
                OAI22_X4                    B1  
                OAI22_X4                    A2  
                OAI22_X4                    A1  
                OAI33_X1                    ZN  
                OAI33_X1                    B3  
                OAI33_X1                    B2  
                OAI33_X1                    B1  
                OAI33_X1                    A3  
                OAI33_X1                    A2  
                OAI33_X1                    A1  
                  OR2_X1                    ZN  
                  OR2_X1                    A2  
                  OR2_X1                    A1  
                  OR2_X2                    ZN  
                  OR2_X2                    A2  
                  OR2_X2                    A1  
                  OR2_X4                    ZN  
                  OR2_X4                    A2  
                  OR2_X4                    A1  
                  OR3_X1                    ZN  
                  OR3_X1                    A3  
                  OR3_X1                    A2  
                  OR3_X1                    A1  
                  OR3_X2                    ZN  
                  OR3_X2                    A3  
                  OR3_X2                    A2  
                  OR3_X2                    A1  
                  OR3_X4                    ZN  
                  OR3_X4                    A3  
                  OR3_X4                    A2  
                  OR3_X4                    A1  
                  OR4_X1                    ZN  
                  OR4_X1                    A4  
                  OR4_X1                    A3  
                  OR4_X1                    A2  
                  OR4_X1                    A1  
                  OR4_X2                    ZN  
                  OR4_X2                    A4  
                  OR4_X2                    A3  
                  OR4_X2                    A2  
                  OR4_X2                    A1  
                  OR4_X4                    ZN  
                  OR4_X4                    A4  
                  OR4_X4                    A3  
                  OR4_X4                    A2  
                  OR4_X4                    A1  
               SDFFRS_X1                    QN  
               SDFFRS_X1                     Q  
               SDFFRS_X1                    CK  
               SDFFRS_X1                    SN  
               SDFFRS_X1                    SI  
               SDFFRS_X1                    SE  
               SDFFRS_X1                    RN  
               SDFFRS_X1                     D  
               SDFFRS_X2                    QN  
               SDFFRS_X2                     Q  
               SDFFRS_X2                    CK  
               SDFFRS_X2                    SN  
               SDFFRS_X2                    SI  
               SDFFRS_X2                    SE  
               SDFFRS_X2                    RN  
               SDFFRS_X2                     D  
                SDFFR_X1                    QN  
                SDFFR_X1                     Q  
                SDFFR_X1                    CK  
                SDFFR_X1                    SI  
                SDFFR_X1                    SE  
                SDFFR_X1                    RN  
                SDFFR_X1                     D  
                SDFFR_X2                    QN  
                SDFFR_X2                     Q  
                SDFFR_X2                    CK  
                SDFFR_X2                    SI  
                SDFFR_X2                    SE  
                SDFFR_X2                    RN  
                SDFFR_X2                     D  
                SDFFS_X1                    QN  
                SDFFS_X1                     Q  
                SDFFS_X1                    CK  
                SDFFS_X1                    SN  
                SDFFS_X1                    SI  
                SDFFS_X1                    SE  
                SDFFS_X1                     D  
                SDFFS_X2                    QN  
                SDFFS_X2                     Q  
                SDFFS_X2                    CK  
                SDFFS_X2                    SN  
                SDFFS_X2                    SI  
                SDFFS_X2                    SE  
                SDFFS_X2                     D  
                 SDFF_X1                    QN  
                 SDFF_X1                     Q  
                 SDFF_X1                    CK  
                 SDFF_X1                    SI  
                 SDFF_X1                    SE  
                 SDFF_X1                     D  
                 SDFF_X2                    QN  
                 SDFF_X2                     Q  
                 SDFF_X2                    CK  
                 SDFF_X2                    SI  
                 SDFF_X2                    SE  
                 SDFF_X2                     D  
                 TBUF_X1                     Z  
                 TBUF_X1                    EN  
                 TBUF_X1                     A  
                TBUF_X16                     Z  
                TBUF_X16                    EN  
                TBUF_X16                     A  
                 TBUF_X2                     Z  
                 TBUF_X2                    EN  
                 TBUF_X2                     A  
                 TBUF_X4                     Z  
                 TBUF_X4                    EN  
                 TBUF_X4                     A  
                 TBUF_X8                     Z  
                 TBUF_X8                    EN  
                 TBUF_X8                     A  
                 TINV_X1                    ZN  
                 TINV_X1                     I  
                 TINV_X1                    EN  
                 TLAT_X1                     Q  
                 TLAT_X1                    OE  
                 TLAT_X1                     G  
                 TLAT_X1                     D  
                XNOR2_X1                    ZN  
                XNOR2_X1                     B  
                XNOR2_X1                     A  
                XNOR2_X2                    ZN  
                XNOR2_X2                     B  
                XNOR2_X2                     A  
                 XOR2_X1                     Z  
                 XOR2_X1                     B  
                 XOR2_X1                     A  
                 XOR2_X2                     Z  
                 XOR2_X2                     B  
                 XOR2_X2                     A  For more information click here  
# Cells Missing LEF Info: 0  
# Cells with Dimension Errors: 0  

==============================
Netlist Information
==============================
# HFO (>200) Nets: 0  
# No-driven Nets: 64  
    General Caution:
        1) TODO
    No-driven Nets  
    ka_in[0]  
    ka_in[1]  
    ka_in[2]  
    ka_in[3]  
    ka_in[4]  
    ka_in[5]  
    ka_in[6]  
    ka_in[7]  
    ka_in[8]  
    ka_in[9]  
    ka_in[10]  
    ka_in[11]  
    ka_in[12]  
    ka_in[13]  
    ka_in[14]  
    ka_in[15]  
    ka_in[16]  
    ka_in[17]  
    ka_in[18]  
    ka_in[19]  
    ka_in[20]  
    ka_in[21]  
    ka_in[22]  
    ka_in[23]  
    ka_in[24]  
    ka_in[25]  
    ka_in[26]  
    ka_in[27]  
    ka_in[28]  
    ka_in[29]  
    ka_in[30]  
    ka_in[31]  
    ka_in[32]  
    ka_in[33]  
    ka_in[34]  
    ka_in[35]  
    ka_in[36]  
    ka_in[37]  
    ka_in[38]  
    ka_in[39]  
    ka_in[40]  
    ka_in[41]  
    ka_in[42]  
    ka_in[43]  
    ka_in[44]  
    ka_in[45]  
    ka_in[46]  
    ka_in[47]  
    ka_in[48]  
    ka_in[49]  
    ka_in[50]  
    ka_in[51]  
    ka_in[52]  
    ka_in[53]  
    ka_in[54]  
    ka_in[55]  
    ka_in[56]  
    ka_in[57]  
    ka_in[58]  
    ka_in[59]  
    ka_in[60]  
    ka_in[61]  
    ka_in[62]  
    ka_in[63]  
# Multi-driven Nets: 0  
# Assign Statements: 0  
Is Design Uniquified: YES  
# Pins in Netlist without timing lib: 0  

==============================

==============================
: Internal  External  
No of Nets:       8056           0  
No of Connections:      19547           0  
Total Net Length (X): 5.0372e+04  0.0000e+00  
Total Net Length (Y): 4.7334e+04  0.0000e+00  
Total Net Length: 9.7706e+04  0.0000e+00  

==============================
Timing Information
==============================
# Clocks in design: 
    ------------------------------
    Clocks in Design
    ------------------------------
    generic_view/CLK  1  
# Generated clocks: 0  
# "dont_use" cells from .libs: 
    ------------------------------
    Dont_use Cell List
    ------------------------------
    ANTENNA_X1  
    FILLCELL_X1  
    FILLCELL_X16  
    FILLCELL_X2  
    FILLCELL_X32  
    FILLCELL_X4  
    FILLCELL_X8  
    LOGIC0_X1  
    LOGIC1_X1  9  
# "dont_touch" cells from .libs: 
    ------------------------------
    Dont_touch Cell List
    ------------------------------
    ANTENNA_X1  
    FILLCELL_X1  
    FILLCELL_X16  
    FILLCELL_X2  
    FILLCELL_X32  
    FILLCELL_X4  
    FILLCELL_X8  
    LOGIC0_X1  
    LOGIC1_X1  9  
# Cells in .lib with max_tran: 
    ------------------------------
    Cell List with max_tran
    ------------------------------
               Cell Name  Max Transition (ps)  
                 AND2_X1  500  
                 AND2_X2  500  
                 AND2_X4  500  
                 AND3_X1  500  
                 AND3_X2  500  
                 AND3_X4  500  
                 AND4_X1  500  
                 AND4_X2  500  
                 AND4_X4  500  
              ANTENNA_X1  500  
               AOI211_X1  500  
               AOI211_X2  500  
               AOI211_X4  500  
                AOI21_X1  500  
                AOI21_X2  500  
                AOI21_X4  500  
               AOI221_X1  500  
               AOI221_X2  500  
               AOI221_X4  500  
               AOI222_X1  500  
               AOI222_X2  500  
               AOI222_X4  500  
                AOI22_X1  500  
                AOI22_X2  500  
                AOI22_X4  500  
                  BUF_X1  500  
                 BUF_X16  500  
                  BUF_X2  500  
                 BUF_X32  500  
                  BUF_X4  500  
                  BUF_X8  500  
               CLKBUF_X1  500  
               CLKBUF_X2  500  
               CLKBUF_X3  500  
           CLKGATETST_X1  500  
           CLKGATETST_X2  500  
           CLKGATETST_X4  500  
           CLKGATETST_X8  500  
              CLKGATE_X1  500  
              CLKGATE_X2  500  
              CLKGATE_X4  500  
              CLKGATE_X8  500  
                DFFRS_X1  500  
                DFFRS_X2  500  
                 DFFR_X1  500  
                 DFFR_X2  500  
                 DFFS_X1  500  
                 DFFS_X2  500  
                  DFF_X1  500  
                  DFF_X2  500  
                  DLH_X1  500  
                  DLH_X2  500  
                  DLL_X1  500  
                  DLL_X2  500  
                   FA_X1  500  
                   HA_X1  500  
                  INV_X1  500  
                 INV_X16  500  
                  INV_X2  500  
                 INV_X32  500  
                  INV_X4  500  
                  INV_X8  500  
               LOGIC0_X1  500  
               LOGIC1_X1  500  
                 MUX2_X1  500  
                 MUX2_X2  500  
                NAND2_X1  500  
                NAND2_X2  500  
                NAND2_X4  500  
                NAND3_X1  500  
                NAND3_X2  500  
                NAND3_X4  500  
                NAND4_X1  500  
                NAND4_X2  500  
                NAND4_X4  500  
                 NOR2_X1  500  
                 NOR2_X2  500  
                 NOR2_X4  500  
                 NOR3_X1  500  
                 NOR3_X2  500  
                 NOR3_X4  500  
                 NOR4_X1  500  
                 NOR4_X2  500  
                 NOR4_X4  500  
               OAI211_X1  500  
               OAI211_X2  500  
               OAI211_X4  500  
                OAI21_X1  500  
                OAI21_X2  500  
                OAI21_X4  500  
               OAI221_X1  500  
               OAI221_X2  500  
               OAI221_X4  500  
               OAI222_X1  500  
               OAI222_X2  500  
               OAI222_X4  500  
                OAI22_X1  500  
                OAI22_X2  500  
                OAI22_X4  500  
                OAI33_X1  500  
                  OR2_X1  500  
                  OR2_X2  500  
                  OR2_X4  500  
                  OR3_X1  500  
                  OR3_X2  500  
                  OR3_X4  500  
                  OR4_X1  500  
                  OR4_X2  500  
                  OR4_X4  500  
               SDFFRS_X1  500  
               SDFFRS_X2  500  
                SDFFR_X1  500  
                SDFFR_X2  500  
                SDFFS_X1  500  
                SDFFS_X2  500  
                 SDFF_X1  500  
                 SDFF_X2  500  
                 TBUF_X1  500  
                TBUF_X16  500  
                 TBUF_X2  500  
                 TBUF_X4  500  
                 TBUF_X8  500  
                 TINV_X1  500  
                 TLAT_X1  500  
                XNOR2_X1  500  
                XNOR2_X2  500  
                 XOR2_X1  500  
                 XOR2_X2  500  128  
# Cells in .lib with max_cap: 
    ------------------------------
    Cell List with max_cap
    ------------------------------
               Cell Name  Max Capacitance (pf)  
                 AND2_X1  0.060494  
                 AND2_X2  0.120821  
                 AND2_X4  0.241652  
                 AND3_X1  0.060380  
                 AND3_X2  0.120544  
                 AND3_X4  0.241089  
                 AND4_X1  0.060215  
                 AND4_X2  0.120339  
                 AND4_X4  0.240849  
               AOI211_X1  0.014473  
               AOI211_X2  0.028926  
               AOI211_X4  0.242306  
                AOI21_X1  0.025274  
                AOI21_X2  0.050610  
                AOI21_X4  0.101013  
               AOI221_X1  0.013799  
               AOI221_X2  0.027532  
               AOI221_X4  0.242260  
               AOI222_X1  0.012968  
               AOI222_X2  0.025578  
               AOI222_X4  0.242254  
                AOI22_X1  0.024574  
                AOI22_X2  0.049060  
                AOI22_X4  0.097961  
                  BUF_X1  0.060631  
                 BUF_X16  0.965358  
                  BUF_X2  0.121101  
                 BUF_X32  1.904300  
                  BUF_X4  0.242237  
                  BUF_X8  0.483910  
               CLKBUF_X1  0.060696  
               CLKBUF_X2  0.121307  
               CLKBUF_X3  0.181867  
           CLKGATETST_X1  0.060730  
           CLKGATETST_X2  0.121361  
           CLKGATETST_X4  0.242584  
           CLKGATETST_X8  0.483984  
              CLKGATE_X1  0.060700  
              CLKGATE_X2  0.121242  
              CLKGATE_X4  0.242310  
              CLKGATE_X8  0.484125  
                DFFRS_X1  0.060254  
                DFFRS_X2  0.120834  
                 DFFR_X1  0.059973  
                 DFFR_X2  0.119245  
                 DFFS_X1  0.060272  
                 DFFS_X2  0.120544  
                  DFF_X1  0.060272  
                  DFF_X2  0.120544  
                  DLH_X1  0.060543  
                  DLH_X2  0.120697  
                  DLL_X1  0.060261  
                  DLL_X2  0.120544  
                   FA_X1  0.060160  
                   HA_X1  0.025241  
                  INV_X1  0.060688  
                 INV_X16  0.968217  
                  INV_X2  0.121264  
                 INV_X32  1.922333  
                  INV_X4  0.242693  
                  INV_X8  0.485108  
                 MUX2_X1  0.060462  
                 MUX2_X2  0.120798  
                NAND2_X1  0.059345  
                NAND2_X2  0.118669  
                NAND2_X4  0.237363  
                NAND3_X1  0.058309  
                NAND3_X2  0.116272  
                NAND3_X4  0.232839  
                NAND4_X1  0.055968  
                NAND4_X2  0.111503  
                NAND4_X4  0.222778  
                 NOR2_X1  0.026647  
                 NOR2_X2  0.053302  
                 NOR2_X4  0.106783  
                 NOR3_X1  0.015981  
                 NOR3_X2  0.031692  
                 NOR3_X4  0.063202  
                 NOR4_X1  0.010456  
                 NOR4_X2  0.020876  
                 NOR4_X4  0.041492  
               OAI211_X1  0.025538  
               OAI211_X2  0.050802  
               OAI211_X4  0.101443  
                OAI21_X1  0.026022  
                OAI21_X2  0.052030  
                OAI21_X4  0.104065  
               OAI221_X1  0.022146  
               OAI221_X2  0.043855  
               OAI221_X4  0.242310  
               OAI222_X1  0.020046  
               OAI222_X2  0.039597  
               OAI222_X4  0.242249  
                OAI22_X1  0.023215  
                OAI22_X2  0.046273  
                OAI22_X4  0.092355  
                OAI33_X1  0.011475  
                  OR2_X1  0.060577  
                  OR2_X2  0.121052  
                  OR2_X4  0.242232  
                  OR3_X1  0.060565  
                  OR3_X2  0.121010  
                  OR3_X4  0.242086  
                  OR4_X1  0.060524  
                  OR4_X2  0.120850  
                  OR4_X4  0.241699  
               SDFFRS_X1  0.060564  
               SDFFRS_X2  0.120757  
                SDFFR_X1  0.060425  
                SDFFR_X2  0.121155  
                SDFFS_X1  0.060577  
                SDFFS_X2  0.120850  
                 SDFF_X1  0.060413  
                 SDFF_X2  0.121155  
                 TBUF_X1  0.051536  
                TBUF_X16  0.820074  
                 TBUF_X2  0.103551  
                 TBUF_X4  0.206681  
                 TBUF_X8  0.412598  
                 TINV_X1  0.022500  
                 TLAT_X1  0.022583  
                XNOR2_X1  0.025960  
                XNOR2_X2  0.051917  
                 XOR2_X1  0.025271  
                 XOR2_X2  0.050422  125  
# Cells in .lib with max_fanout: 0  
SDC max_cap: N/A  
SDC max_tran: N/A  
SDC max_fanout: N/A  
Default Ext. Scale Factor: 1.000  
Detail Ext. Scale Factor: 1.000  

==============================
Floorplan/Placement Information
==============================
Total area of Standard cells: 14880.306 um^2  
Total area of Standard cells(Subtracting Physical Cells): 10494.498 um^2  
Total area of Macros: 0.000 um^2  
Total area of Blockages: 0.000 um^2  
Total area of Pad cells: 0.000 um^2  
Total area of Core: 14880.306 um^2  
Total area of Chip: 16958.458 um^2  
Effective Utilization: 1.0000e+00  
Number of Cell Rows: 87  
% Pure Gate Density #1 (Subtracting BLOCKAGES): 100.000%  
% Pure Gate Density #2 (Subtracting BLOCKAGES and Physical Cells): 70.526%  
% Pure Gate Density #3 (Subtracting MACROS): 100.000%  
% Pure Gate Density #4 (Subtracting MACROS and Physical Cells): 70.526%  
% Pure Gate Density #5 (Subtracting MACROS and BLOCKAGES): 100.000%  
% Pure Gate Density #6 (Subtracting MACROS and BLOCKAGES for insts are not placed): 70.526%  
% Core Density (Counting Std Cells and MACROs): 100.000%  
% Core Density #2(Subtracting Physical Cells): 70.526%  
% Chip Density (Counting Std Cells and MACROs and IOs): 87.746%  
% Chip Density #2(Subtracting Physical Cells): 61.884%  
# Macros within 5 sites of IO pad: No  
Macro halo defined?: No  

==============================
Wire Length Distribution
==============================
Total metal1 wire length: 3141.5400 um  
Total metal2 wire length: 29756.8200 um  
Total metal3 wire length: 44601.4650 um  
Total metal4 wire length: 19664.6600 um  
Total metal5 wire length: 8877.1350 um  
Total metal6 wire length: 7224.8400 um  
Total wire length: 113266.4600 um  
Average wire length/net: 13.9456 um  
Area of Power Net Distribution: 
    ------------------------------
    Area of Power Net Distribution
    ------------------------------
    Layer Name  Area of Power Net  Routable Area  Percentage  
    metal1  942.8166  14880.3060  6.3360%  
    metal2  0.0000  14880.3060  0.0000%  
    metal3  0.0000  14880.3060  0.0000%  
    metal4  0.0000  14880.3060  0.0000%  
    metal5  1309.5960  14880.3060  8.8009%  
    metal6  1404.6200  14880.3060  9.4395%  For more information click here  
