###############################################################
#  Generated by:      Cadence Innovus 21.13-s100_1
#  OS:                Linux x86_64(Host ID ic51)
#  Generated on:      Sun Oct  8 17:42:20 2023
#  Design:            top
#  Command:           report_timing > timing.rpt
###############################################################
Path 1: MET Setup Check with Pin randomize/data_out_reg_29_/CK 
Endpoint:   randomize/data_out_reg_29_/D (v) checked with  leading edge of 'CLK'
Beginpoint: sequencer/round_reg_1_/Q     (^) triggered by  leading edge of 'CLK'
Path Groups: {CLK}
Analysis View: generic_view
Other End Arrival Time          0.000
- Setup                         0.171
+ Phase Shift                   6.000
= Required Time                 5.829
- Arrival Time                  5.828
= Slack Time                    0.001
     Clock Rise Edge                 0.000
     + Clock Network Latency (Ideal) 0.000
     = Beginpoint Arrival Time       0.000
     +-------------------------------------------------------------------------------------------------+ 
     |                Instance                 |     Arc      |   Cell    | Delay | Arrival | Required | 
     |                                         |              |           |       |  Time   |   Time   | 
     |-----------------------------------------+--------------+-----------+-------+---------+----------| 
     | sequencer/round_reg_1_                  | CK ^         |           |       |   0.000 |    0.001 | 
     | sequencer/round_reg_1_                  | CK ^ -> Q ^  | DFF_X1    | 0.406 |   0.406 |    0.407 | 
     | randomize/U14                           | A ^ -> ZN v  | INV_X2    | 0.052 |   0.458 |    0.459 | 
     | randomize/U38                           | A1 v -> ZN ^ | NAND2_X2  | 0.058 |   0.516 |    0.517 | 
     | randomize/U35                           | A1 ^ -> ZN v | NOR2_X1   | 0.032 |   0.548 |    0.549 | 
     | randomize/U13                           | A1 v -> ZN ^ | NOR2_X2   | 0.105 |   0.653 |    0.653 | 
     | randomize/U51                           | A ^ -> ZN v  | OAI21_X1  | 0.075 |   0.727 |    0.728 | 
     | randomize/U41                           | C2 v -> ZN ^ | AOI211_X1 | 0.278 |   1.005 |    1.006 | 
     | randomize/U60                           | B1 ^ -> ZN v | AOI22_X1  | 0.130 |   1.135 |    1.136 | 
     | randomize/U42                           | B1 v -> ZN ^ | OAI21_X2  | 0.157 |   1.292 |    1.292 | 
     | FE_PSBC129_randomize_n47                | A ^ -> ZN v  | INV_X4    | 0.064 |   1.355 |    1.356 | 
     | FE_PSBC134_randomize_n47                | A v -> ZN ^  | INV_X16   | 0.065 |   1.420 |    1.421 | 
     | FE_PSBC136_n                            | A ^ -> ZN v  | INV_X16   | 0.083 |   1.503 |    1.504 | 
     | FE_PSBC135_n                            | A v -> ZN ^  | INV_X32   | 0.049 |   1.552 |    1.553 | 
     | randomize/U5                            | A ^ -> ZN v  | INV_X32   | 0.071 |   1.623 |    1.623 | 
     | randomize/U190                          | B2 v -> ZN ^ | AOI22_X2  | 0.382 |   2.004 |    2.005 | 
     | randomize/U191                          | A ^ -> ZN v  | INV_X2    | 0.054 |   2.058 |    2.059 | 
     | randomize/U194                          | A2 v -> ZN ^ | AOI22_X2  | 0.125 |   2.183 |    2.184 | 
     | randomize/U195                          | A1 ^ -> ZN v | NAND2_X1  | 0.074 |   2.257 |    2.258 | 
     | randomize/f_func/U2                     | A v -> Z ^   | XOR2_X2   | 0.413 |   2.670 |    2.671 | 
     | FE_PSC203_randomize_f_func_key_added_20 | A ^ -> Z ^   | CLKBUF_X1 | 0.187 |   2.856 |    2.857 | 
     | randomize/f_func/sbox3b/U22             | A1 ^ -> ZN v | NOR3_X1   | 0.043 |   2.900 |    2.901 | 
     | randomize/f_func/sbox3b/U39             | A v -> ZN ^  | INV_X1    | 0.099 |   2.999 |    3.000 | 
     | randomize/f_func/sbox3b/U71             | A2 ^ -> ZN v | NOR2_X1   | 0.066 |   3.065 |    3.066 | 
     | randomize/f_func/sbox3b/U72             | A v -> ZN ^  | INV_X1    | 0.065 |   3.129 |    3.130 | 
     | randomize/f_func/sbox3b/U73             | A2 ^ -> ZN v | NAND2_X1  | 0.050 |   3.180 |    3.181 | 
     | randomize/f_func/sbox3b/U255            | A v -> ZN ^  | INV_X1    | 0.055 |   3.235 |    3.236 | 
     | randomize/f_func/sbox3b/U257            | A2 ^ -> ZN v | NAND4_X1  | 0.089 |   3.324 |    3.325 | 
     | randomize/f_func/sbox3b/U258            | B v -> ZN ^  | AOI211_X2 | 0.250 |   3.573 |    3.574 | 
     | randomize/f_func/sbox3b/U260            | A1 ^ -> ZN v | NAND3_X1  | 0.118 |   3.692 |    3.693 | 
     | FE_PSC576_randomize_f_func_sbox3b_n191  | A v -> Z v   | CLKBUF_X1 | 0.129 |   3.820 |    3.821 | 
     | randomize/f_func/sbox3b/U262            | A3 v -> ZN ^ | NOR4_X2   | 0.272 |   4.093 |    4.094 | 
     | randomize/f_func/sbox3b/U263            | A2 ^ -> ZN v | NAND4_X1  | 0.142 |   4.235 |    4.236 | 
     | randomize/f_func/sbox3b/U277            | A2 v -> ZN ^ | AOI22_X2  | 0.162 |   4.397 |    4.398 | 
     | randomize/f_func/sbox3b/U287            | A ^ -> ZN v  | OAI211_X2 | 0.129 |   4.526 |    4.527 | 
     | randomize/f_func/p_func/U39             | A v -> Z v   | XOR2_X2   | 0.229 |   4.754 |    4.755 | 
     | FE_PSC106_randomize_f_func_p_func_n29   | A v -> Z v   | BUF_X1    | 0.116 |   4.870 |    4.871 | 
     | randomize/f_func/p_func/U42             | B v -> Z v   | XOR2_X1   | 0.204 |   5.074 |    5.075 | 
     | randomize/f_func/p_func/U44             | A v -> ZN v  | XNOR2_X1  | 0.147 |   5.220 |    5.221 | 
     | FE_PSC445_randomize_f_func_out_29       | A v -> Z v   | BUF_X2    | 0.108 |   5.329 |    5.330 | 
     | randomize/U462                          | B v -> Z v   | XOR2_X1   | 0.222 |   5.551 |    5.552 | 
     | randomize/U463                          | B2 v -> ZN ^ | AOI22_X1  | 0.190 |   5.740 |    5.741 | 
     | randomize/U468                          | A1 ^ -> ZN v | NAND4_X1  | 0.087 |   5.828 |    5.829 | 
     | randomize/data_out_reg_29_              | D v          | DFF_X1    | 0.000 |   5.828 |    5.829 | 
     +-------------------------------------------------------------------------------------------------+ 

